2.336717 200
2.447467 200
2.548117 200
2.630150 200
2.703100 200
2.771717 200
2.830467 200
2.882833 200
2.934633 200
2.999317 200
3.084067 200
3.152733 200
3.210283 200
3.260467 200
3.307550 200
3.352300 200
3.400217 200
3.477367 200
3.578350 200
3.665383 200
3.742050 200
3.817450 200
3.875767 200
3.963733 200
4.055433 200
4.145950 200
4.210600 200
4.273117 200
4.342383 200
4.404167 200
4.455383 200
4.502800 200
4.546967 200
4.603567 200
4.678583 200
4.737534 200
4.797383 200
4.856566 200
4.907250 200
4.953967 200
4.999084 200
5.063867 200
5.135117 200
5.195183 200
5.247300 200
5.294384 200
5.338500 200
5.381617 200
5.428833 200
5.506817 200
5.596883 200
5.679833 200
5.753334 200
5.822533 200
5.877883 200
5.968817 200
6.058683 200
6.138300 200
6.198383 200
6.259233 200
6.326766 200
6.385716 200
6.435933 200
6.482433 200
6.527117 200
6.585500 200
6.656466 200
6.713783 200
6.775784 200
6.832000 200
6.881783 200
6.927217 200
6.971684 200
7.036167 200
7.104867 200
7.162650 200
7.215233 200
7.262533 200
7.307650 200
7.350800 200
7.400950 200
7.483050 200
7.569800 200
7.647600 200
7.720284 200
7.786000 200
7.843900 200
7.938583 200
8.025733 200
8.104500 200
8.164317 200
8.222800 200
8.289783 200
8.345650 200
8.393933 200
8.440050 200
8.483700 200
8.542900 200
8.611617 200
8.669467 200
8.732150 200
8.790033 200
8.839750 200
8.886867 200
8.933700 200
9.003633 200
9.076533 200
9.136100 200
9.188167 200
9.236183 200
9.280933 200
9.324767 200
9.376083 200
9.464784 200
9.546066 200
9.622367 200
9.697416 200
9.760300 200
9.818300 200
9.911433 200
9.995200 200
10.074083 200
10.132916 200
10.190300 200
10.256583 200
10.314983 200
10.364333 200
10.410100 200
10.454617 200
10.513717 200
10.584267 200
10.640667 200
10.703083 200
10.759550 200
10.808483 200
10.855000 200
10.900784 200
10.968450 200
11.037200 200
11.094800 200
11.146533 200
11.193617 200
11.238667 200
11.281883 200
11.330000 200
11.415167 200
11.496433 200
11.573350 200
11.648550 200
11.711967 200
11.771800 200
11.866000 200
11.952050 200
12.025750 200
12.083400 200
12.143950 200
12.211300 200
12.266583 200
12.315950 200
12.361733 200
12.408350 200
12.472167 200
12.547167 200
12.612383 200
12.682683 200
12.741616 200
12.794434 200
12.845883 200
12.901334 200
12.984000 200
13.063867 200
13.126683 200
13.182050 200
13.231833 200
13.280033 200
13.327633 200
13.390567 200
13.493183 200
13.582467 200
13.672433 200
13.758133 200
13.825400 200
13.906333 200
14.009100 200
14.122933 200
14.214600 200
14.320917 200
14.444600 200
14.725966 200
