13.790400 200
13.894617 200
13.981234 200
14.056067 200
14.116616 200
14.183333 200
14.240467 200
14.292150 200
14.342550 200
14.397233 200
14.475734 200
14.544316 200
14.603150 200
14.655666 200
14.703517 200
14.749084 200
14.792817 200
14.847100 200
14.946250 200
15.028617 200
15.102050 200
15.176517 200
15.235283 200
15.304633 200
15.402184 200
15.494133 200
15.560884 200
15.622750 200
15.690217 200
15.770683 200
15.863833 200
22.675966 200
23.812500 200
23.879066 200
23.955833 200
24.027683 200
24.088667 200
24.154684 200
24.210617 200
24.260483 200
24.308599 200
24.362551 200
24.441467 200
24.508551 200
24.564817 200
24.614817 200
24.660250 200
24.704100 200
24.746700 200
24.805000 200
24.902533 200
24.982784 200
25.056467 200
25.131216 200
25.190149 200
25.265116 200
25.359249 200
25.449200 200
25.512983 200
25.572916 200
25.642200 200
25.712418 200
25.800632 200
26.376066 200
26.461533 200
26.522284 200
26.598234 200
26.663000 200
26.724083 200
26.785418 200
26.839399 200
26.886700 200
26.931400 200
26.987267 200
27.059750 200
27.120266 200
27.174383 200
27.222033 200
27.267017 200
27.309883 200
27.352051 200
27.417484 200
27.511084 200
27.586599 200
27.657150 200
27.726500 200
27.782667 200
27.862650 200
27.947216 200
28.029383 200
28.088867 200
28.143049 200
28.208084 200
28.267233 200
28.317699 200
28.364166 200
28.407934 200
28.460899 200
28.534834 200
28.594351 200
28.651318 200
28.708817 200
28.758432 200
28.804649 200
28.849001 200
28.909283 200
28.977467 200
29.036066 200
29.088066 200
29.135750 200
29.179716 200
29.222450 200
29.264067 200
29.332649 200
29.419649 200
29.496450 200
29.565201 200
29.631567 200
29.685699 200
29.770067 200
29.854250 200
29.933834 200
29.990517 200
30.047434 200
30.112049 200
30.171400 200
30.221983 200
30.268749 200
30.313499 200
30.367750 200
30.436884 200
30.493633 200
30.552750 200
30.609850 200
30.660183 200
30.706551 200
30.751783 200
30.813816 200
30.882833 200
30.940800 200
30.993517 200
31.040417 200
31.084682 200
31.126833 200
31.169750 200
31.242350 200
31.326450 200
31.401800 200
31.471001 200
31.534517 200
31.590366 200
31.677834 200
31.763500 200
31.839716 200
31.896500 200
31.951000 200
32.016232 200
32.072315 200
32.120918 200
32.166451 200
32.209450 200
32.266068 200
32.333965 200
32.392082 200
32.452034 200
32.509335 200
32.558716 200
32.605385 200
32.650299 200
32.716568 200
32.782967 200
32.840485 200
32.891350 200
32.938519 200
32.982567 200
33.025532 200
33.070168 200
33.156185 200
33.237267 200
33.311615 200
33.382198 200
33.444584 200
33.502884 200
33.593868 200
33.678665 200
33.749317 200
33.806133 200
33.863499 200
33.929985 200
33.987549 200
34.036934 200
34.083935 200
34.129700 200
34.190018 200
34.257034 200
34.311916 200
34.372166 200
34.426983 200
34.475834 200
34.521633 200
34.568317 200
34.635715 200
34.701450 200
34.758732 200
34.809334 200
34.856632 200
34.900715 200
34.944134 200
34.991016 200
35.077267 200
35.154049 200
35.227665 200
35.299168 200
35.360416 200
35.420200 200
35.513065 200
35.599785 200
35.667835 200
35.723866 200
35.782082 200
35.844898 200
35.899151 200
35.948200 200
35.993717 200
36.038334 200
36.099468 200
36.164951 200
36.219532 200
36.280998 200
36.335251 200
36.383865 200
36.429298 200
36.477283 200
36.545517 200
36.608849 200
36.664249 200
36.714535 200
36.760582 200
36.804832 200
36.847649 200
36.895935 200
36.982834 200
37.058983 200
37.130550 200
37.202450 200
37.261467 200
37.323650 200
37.413101 200
37.498432 200
37.564384 200
37.619034 200
37.677368 200
37.741634 200
37.795315 200
37.843651 200
37.889515 200
37.933868 200
37.996784 200
38.061249 200
38.116817 200
38.177517 200
38.231998 200
38.280300 200
38.326435 200
38.373550 200
38.441833 200
38.504665 200
38.560768 200
38.610535 200
38.656898 200
38.700352 200
38.743118 200
38.792767 200
38.882050 200
38.957150 200
39.027683 200
39.098766 200
39.156616 200
39.222118 200
39.310699 200
39.397049 200
39.462185 200
39.516949 200
39.577049 200
39.640652 200
39.693932 200
39.742199 200
39.788349 200
39.834332 200
39.899601 200
39.960999 200
40.017052 200
40.076183 200
40.130283 200
40.178551 200
40.224617 200
40.272900 200
40.344082 200
40.406601 200
40.462200 200
40.511398 200
40.557335 200
40.600483 200
40.643002 200
40.694782 200
40.785515 200
40.860451 200
40.932232 200
41.003315 200
41.060734 200
41.130600 200
41.218235 200
41.302883 200
41.365665 200
41.420132 200
41.482117 200
41.542900 200
41.595417 200
41.643883 200
41.689152 200
41.735882 200
41.801849 200
41.863468 200
41.919083 200
41.979752 200
42.032284 200
42.080952 200
42.126682 200
42.179085 200
42.248550 200
42.310184 200
42.364235 200
42.413483 200
42.458801 200
42.502419 200
42.544651 200
42.602249 200
42.692917 200
42.766800 200
42.835033 200
42.903599 200
42.959682 200
43.032318 200
43.118633 200
43.202133 200
43.263199 200
43.316517 200
43.377918 200
43.438534 200
43.489918 200
43.537384 200
43.581615 200
43.630833 200
43.697983 200
43.758034 200
43.814301 200
43.873634 200
43.925282 200
43.973267 200
44.018017 200
44.072533 200
44.142685 200
44.202366 200
44.255665 200
44.303635 200
44.348866 200
44.391682 200
44.433552 200
44.495850 200
44.586700 200
44.659866 200
44.728115 200
44.795750 200
44.851284 200
44.929882 200
45.014450 200
45.096466 200
45.155834 200
45.210285 200
45.273716 200
45.333801 200
45.384785 200
45.432068 200
45.476566 200
45.533085 200
45.606682 200
45.672050 200
45.736332 200
45.800667 200
45.860401 200
45.920601 200
45.976868 200
46.047298 200
46.124733 200
46.189449 200
46.246498 200
46.300598 200
46.355335 200
46.421165 200
46.491219 200
46.584202 200
46.693550 200
46.796349 200
46.894634 200
46.977165 200
47.047733 200
47.149567 200
47.250916 200
47.363735 200
47.493050 200
47.621582 200
47.757832 200
48.065617 200
