2.538417 200
2.815217 200
3.004200 200
3.201333 200
3.389000 200
3.538183 200
3.744800 200
3.884183 200
4.053833 200
9.043550 200
9.338483 200
9.512500 200
9.681167 200
9.868650 200
10.003817 200
10.146934 200
10.246533 200
10.315434 200
10.385633 200
10.478867 200
10.545867 200
10.613483 200
10.753034 200
10.824200 200
10.954850 200
11.076850 200
11.204850 200
11.321016 200
11.428833 200
11.493900 200
11.554067 200
11.629084 200
11.706533 200
11.771900 200
11.861134 200
11.983867 200
12.054100 200
12.197284 200
12.312333 200
12.412717 200
12.540017 200
12.633333 200
12.697400 200
12.761967 200
12.849417 200
12.915533 200
12.982384 200
13.119233 200
13.198566 200
13.339367 200
13.446484 200
13.559533 200
13.664567 200
13.777884 200
13.851467 200
13.917216 200
13.992434 200
14.062317 200
14.125883 200
14.235600 200
14.325400 200
14.413116 200
14.545716 200
14.672867 200
14.767067 200
14.900583 200
14.980733 200
15.048483 200
15.127900 200
15.206266 200
15.271900 200
15.364717 200
15.480984 200
15.575350 200
15.710934 200
15.840783 200
15.929983 200
16.067617 200
16.149134 200
16.216934 200
16.290850 200
16.374701 200
16.447517 200
16.557966 200
16.651649 200
16.763866 200
16.895000 200
17.021984 200
17.115566 200
17.247749 200
17.324516 200
17.390949 200
17.480350 200
17.556299 200
17.631100 200
17.759033 200
17.838684 200
17.975317 200
18.098534 200
18.211433 200
18.336901 200
18.431816 200
18.513800 200
18.583700 200
18.671900 200
18.749767 200
18.858400 200
18.970133 200
19.083900 200
19.212633 200
19.343267 200
19.443867 200
19.575417 200
19.652933 200
19.725883 200
19.814400 200
19.890934 200
19.974117 200
20.107866 200
20.200016 200
20.350616 200
20.480766 200
20.568100 200
20.701216 200
20.789351 200
20.863617 200
20.949284 200
21.026884 200
21.098000 200
21.231951 200
21.322233 200
21.465616 200
21.587500 200
21.689699 200
21.818634 200
21.913933 200
21.986500 200
22.062700 200
22.146133 200
22.216484 200
22.308050 200
22.423216 200
22.524982 200
22.657484 200
22.782133 200
22.871599 200
23.005800 200
23.085466 200
23.154100 200
23.231283 200
23.307167 200
23.377701 200
23.491966 200
23.584583 200
23.703699 200
23.826267 200
23.950300 200
24.049200 200
24.174200 200
24.248934 200
24.316717 200
24.398600 200
24.477200 200
24.548250 200
24.680433 200
24.762583 200
24.896784 200
25.001667 200
25.119316 200
25.221701 200
25.337767 200
25.413218 200
25.480717 200
25.568933 200
25.643700 200
25.715267 200
25.840282 200
25.918516 200
26.060699 200
26.182533 200
26.281918 200
26.414917 200
26.505966 200
26.577717 200
26.644567 200
26.729000 200
26.801901 200
26.884317 200
27.009033 200
27.088467 200
27.229000 200
27.359400 200
27.448366 200
27.589649 200
27.673283 200
27.744516 200
27.822317 200
27.902834 200
27.977182 200
28.119316 200
28.235716 200
28.424932 200
28.607584 200
28.774017 200
28.959234 200
29.095533 200
29.291550 200
30.825933 200
