3.116167 200
3.367367 200
3.548217 200
3.748867 200
3.933183 200
4.083667 200
4.267633 200
4.368883 200
4.474133 200
4.599833 200
4.706100 200
4.877267 200
5.009617 200
5.167700 200
5.315600 200
5.459883 200
5.577466 200
5.658867 200
5.756583 200
5.852450 200
5.962100 200
6.098650 200
6.232617 200
6.370867 200
6.501650 200
6.643350 200
6.748533 200
6.827217 200
6.921500 200
7.014750 200
7.117733 200
7.253684 200
7.387116 200
7.525767 200
7.656483 200
7.794900 200
7.909350 200
8.003067 200
8.102400 200
8.193200 200
8.306517 200
8.433933 200
8.582467 200
8.718616 200
8.838333 200
8.992550 200
9.098350 200
9.189217 200
9.291966 200
9.386450 200
9.535417 200
9.643867 200
9.788000 200
9.925317 200
10.046233 200
10.189750 200
10.286750 200
10.381200 200
10.482984 200
10.577333 200
10.723567 200
10.841817 200
10.987667 200
11.128700 200
11.253100 200
11.384033 200
11.476300 200
11.577416 200
11.665533 200
11.758634 200
11.899000 200
12.015300 200
12.160200 200
12.300000 200
12.429450 200
12.553483 200
12.643633 200
12.743617 200
12.825850 200
12.895284 200
13.041217 200
13.125400 200
13.276650 200
13.416667 200
13.528116 200
13.675134 200
13.748283 200
13.805800 200
13.898316 200
13.990550 200
14.061617 200
14.203433 200
14.286633 200
14.448400 200
14.589884 200
14.693900 200
14.840350 200
14.913083 200
14.992150 200
15.084867 200
15.163050 200
15.244717 200
15.380283 200
15.470417 200
15.618083 200
15.753667 200
15.848233 200
15.991583 200
16.077600 200
16.161566 200
16.265617 200
16.352266 200
16.463684 200
16.579117 200
16.706167 200
16.832916 200
16.958534 200
17.077766 200
17.202000 200
17.275333 200
17.349216 200
17.441616 200
17.519917 200
17.639166 200
17.740984 200
17.875000 200
17.994667 200
18.114651 200
18.237284 200
18.343584 200
18.420267 200
18.501350 200
18.590218 200
18.661016 200
18.786734 200
18.884117 200
19.018517 200
19.137033 200
19.258583 200
19.388483 200
19.494183 200
19.569450 200
19.646049 200
19.737700 200
19.813749 200
19.946617 200
20.039116 200
20.182333 200
20.299566 200
20.412867 200
20.541416 200
20.639967 200
20.706116 200
20.780483 200
20.877100 200
20.958834 200
21.098949 200
21.194950 200
21.340851 200
21.435333 200
21.539167 200
21.620634 200
21.751101 200
21.828466 200
21.890867 200
21.968616 200
22.055967 200
22.116133 200
22.250683 200
22.334717 200
22.474066 200
22.559000 200
22.677799 200
22.771433 200
22.905750 200
22.988167 200
23.052700 200
23.118601 200
23.201900 200
23.269400 200
23.400967 200
23.476183 200
23.596701 200
23.672199 200
23.757584 200
23.852301 200
23.917250 200
24.044500 200
24.117233 200
24.181351 200
24.248484 200
24.338783 200
24.416000 200
24.541666 200
24.614017 200
24.700600 200
24.808716 200
24.891216 200
24.986517 200
25.045116 200
25.126368 200
25.218616 200
25.267651 200
25.324017 200
25.386299 200
25.474800 200
25.537117 200
25.644884 200
25.743967 200
25.852867 200
25.957417 200
26.018833 200
26.123699 200
26.193716 200
26.208151 200
26.317284 200
26.394350 200
26.446234 200
26.490168 200
26.527834 200
26.609917 200
26.676317 200
26.752783 200
26.872467 200
26.941299 200
27.055166 200
27.112867 200
27.196316 200
27.272516 200
27.342350 200
27.432516 200
27.513367 200
27.582001 200
27.634333 200
27.663349 200
27.742184 200
27.806868 200
27.910000 200
28.060900 200
28.196466 200
28.326651 200
28.468800 200
28.578400 200
28.749033 200
28.862617 200
28.979183 200
29.097450 200
29.182316 200
29.196417 200
29.228317 200
29.569050 200
