1.322933 100
2.631717 100
3.184367 100
5.685933 100
5.865483 100
5.985283 100
6.085950 100
6.199117 100
6.298817 100
6.394183 100
6.493350 100
6.620733 100
6.713067 100
6.798234 100
6.879250 100
7.056633 100
7.176067 100
7.299800 100
7.437133 100
7.544050 100
7.675050 100
7.750650 100
7.809083 100
7.861017 100
7.919883 100
7.984217 100
8.049084 100
8.103567 100
8.212733 100
8.326817 100
8.401217 100
8.482100 100
8.573350 100
8.663700 100
8.756150 100
8.860567 100
8.952100 100
9.024633 100
9.089483 100
9.164150 100
9.310083 100
9.401716 100
9.491417 100
9.585350 100
9.693717 100
9.762500 100
9.876050 100
9.935667 100
9.980433 100
10.029600 100
10.090700 100
10.149567 100
10.200450 100
10.260834 100
10.312900 100
10.350000 100
10.478184 100
10.558150 100
10.623767 100
10.709133 100
10.789017 100
10.876233 100
10.961600 100
11.036933 100
11.136717 100
11.206850 100
11.262183 100
11.323517 100
11.451333 100
11.568383 100
11.679200 100
11.775000 100
11.889783 100
11.993183 100
12.086866 100
12.153267 100
12.217283 100
12.274734 100
12.327967 100
12.377767 100
12.428416 100
12.488517 100
12.533484 100
12.646733 100
12.739217 100
12.804733 100
12.863633 100
12.930467 100
13.007617 100
13.086683 100
13.160784 100
13.261200 100
13.347100 100
13.408983 100
13.467400 100
13.552300 100
13.702217 100
13.797633 100
13.896116 100
13.996417 100
14.086367 100
14.194366 100
14.278350 100
14.344650 100
14.406900 100
14.460183 100
14.507850 100
14.565184 100
14.624450 100
14.675150 100
14.783934 100
14.862667 100
14.920250 100
14.976933 100
15.055933 100
15.116683 100
15.180567 100
15.256634 100
15.315817 100
15.400534 100
15.487817 100
15.553833 100
15.618917 100
15.687217 100
15.824483 100
15.930266 100
16.030399 100
16.087334 100
16.199100 100
16.260584 100
16.366350 100
16.440968 100
16.496883 100
16.540733 100
16.587950 100
16.633633 100
16.686916 100
16.738016 100
16.788334 100
16.838266 100
16.938833 100
17.036167 100
17.098801 100
17.161949 100
17.246849 100
17.301567 100
17.353117 100
17.404984 100
17.451384 100
17.515383 100
17.614567 100
17.691351 100
17.748583 100
17.815884 100
17.908684 100
18.043367 100
18.130316 100
18.241301 100
18.359583 100
18.438766 100
18.525066 100
18.614050 100
18.684633 100
18.731066 100
18.789484 100
18.828583 100
18.868767 100
18.925066 100
18.970818 100
19.015600 100
19.089367 100
19.214451 100
19.282499 100
19.338249 100
19.420401 100
19.480534 100
19.533117 100
19.593782 100
19.682600 100
19.793783 100
19.874166 100
19.929434 100
19.988533 100
20.049250 100
20.213301 100
20.308149 100
20.410116 100
