0.797783 100
2.514300 100
3.068200 100
4.732733 100
4.946700 100
5.053383 100
5.150317 100
5.259217 100
5.354950 100
5.452833 100
5.547567 100
5.688650 100
5.783916 100
5.872183 100
5.979517 100
6.142033 100
6.277483 100
6.409616 100
6.544767 100
6.672266 100
6.752666 100
6.816983 100
6.876783 100
6.937900 100
6.989833 100
7.055417 100
7.098433 100
7.189583 100
7.321267 100
7.401850 100
7.488033 100
7.584933 100
7.671300 100
7.759417 100
7.875067 100
7.955000 100
8.028483 100
8.089833 100
8.201500 100
8.349183 100
8.462150 100
8.575684 100
8.698367 100
8.810117 100
8.886884 100
8.950150 100
8.993450 100
9.050283 100
9.102966 100
9.163450 100
9.217183 100
9.273417 100
9.401134 100
9.503533 100
9.575983 100
9.677783 100
9.774333 100
9.855250 100
9.951433 100
10.074266 100
10.151733 100
10.228017 100
10.317750 100
10.480800 100
10.596300 100
10.703433 100
10.828517 100
10.944900 100
11.034817 100
11.102300 100
11.162917 100
11.222100 100
11.277700 100
11.328533 100
11.384167 100
11.436100 100
11.561700 100
11.670450 100
11.761766 100
11.882783 100
11.967033 100
12.044250 100
12.145284 100
12.259550 100
12.331333 100
12.393933 100
12.467783 100
12.626683 100
12.740900 100
12.861000 100
12.984083 100
13.088083 100
13.193434 100
13.258367 100
13.312767 100
13.378050 100
13.437600 100
13.489734 100
13.551233 100
13.608517 100
13.728617 100
13.825334 100
13.892450 100
13.978434 100
14.080067 100
14.157217 100
14.242350 100
14.352817 100
14.437667 100
14.508900 100
14.574850 100
14.686967 100
14.838117 100
14.959717 100
15.073967 100
15.182050 100
15.305317 100
15.378983 100
15.436967 100
15.502700 100
15.548350 100
15.582867 100
15.615017 100
15.646116 100
15.668417 100
15.689767 100
15.738550 100
15.835283 100
15.936050 100
15.992833 100
16.041584 100
16.134634 100
16.193634 100
16.263849 100
16.344133 100
16.439199 100
16.552917 100
16.627050 100
16.692417 100
16.764851 100
16.919416 100
17.018417 100
17.133368 100
17.267900 100
17.383966 100
17.485184 100
17.539534 100
17.584066 100
17.627832 100
17.671234 100
17.719534 100
17.755966 100
17.813351 100
17.861900 100
17.918633 100
18.027983 100
18.135916 100
18.176950 100
18.195517 100
18.252649 100
18.343000 100
18.422466 100
18.500732 100
18.587383 100
18.707067 100
18.769917 100
18.806917 100
18.850233 100
18.933567 100
19.083366 100
19.180149 100
19.274900 100
19.387533 100
19.487301 100
19.616066 100
19.676067 100
19.745333 100
19.809200 100
19.860283 100
19.905684 100
19.945084 100
19.981800 100
20.029449 100
20.121384 100
20.292534 100
20.395233 100
20.512716 100
20.577934 100
20.660717 100
20.768600 100
20.854500 100
20.914000 100
20.982866 100
21.067684 100
21.197166 100
21.279650 100
21.311516 100
21.403034 100
21.473200 100
21.566200 100
21.616783 100
21.660400 100
21.747267 100
21.800833 100
21.829599 100
21.885201 100
21.933867 100
22.012217 100
22.054068 100
22.109100 100
22.133566 100
22.161734 100
22.202551 100
22.294451 100
22.406851 100
22.445601 100
22.486116 100
22.523333 100
22.627768 100
22.675217 100
22.730083 100
22.769501 100
22.803150 100
22.852600 100
22.955034 100
23.011234 100
23.089817 100
23.130966 100
23.166550 100
23.224983 100
23.398149 100
23.437366 100
23.486784 100
23.575483 100
23.634516 100
23.734716 100
23.825216 100
23.915684 100
23.962133 100
24.002783 100
24.063284 100
24.119301 100
24.149567 100
24.183466 100
24.233967 100
24.264500 100
24.288517 100
24.334967 100
24.449200 100
24.584600 100
24.617233 100
24.670050 100
24.715834 100
24.854151 100
24.922533 100
24.977917 100
25.053850 100
25.172884 100
25.225517 100
25.288334 100
25.334066 100
25.407833 100
25.565100 100
25.624599 100
25.696199 100
25.791018 100
25.861067 100
25.961349 100
26.032133 100
26.124783 100
26.182249 100
26.220150 100
26.265450 100
26.289783 100
26.338633 100
26.375183 100
26.418283 100
26.460184 100
26.512716 100
26.553034 100
26.613483 100
26.730583 100
26.784317 100
26.829117 100
26.896383 100
26.985817 100
27.036249 100
27.097717 100
27.143967 100
27.202267 100
27.271183 100
27.396500 100
27.453650 100
27.498716 100
27.551649 100
27.601717 100
27.722416 100
27.812983 100
27.904167 100
27.975567 100
28.094683 100
28.151600 100
28.204767 100
28.296499 100
28.352501 100
28.413851 100
28.447367 100
28.486183 100
28.544634 100
28.588917 100
28.640533 100
28.711451 100
28.793301 100
28.910217 100
28.965000 100
29.025284 100
29.073984 100
29.190283 100
29.245850 100
29.319834 100
29.384850 100
29.443033 100
29.549450 100
29.598017 100
29.641233 100
29.668800 100
29.701183 100
29.747101 100
29.834917 100
29.990150 100
30.051933 100
30.170284 100
30.292383 100
30.344284 100
30.444550 100
30.496700 100
30.544701 100
30.609818 100
30.669300 100
30.724600 100
30.783400 100
30.839800 100
30.885483 100
30.940033 100
31.054150 100
31.147467 100
31.178400 100
31.227583 100
31.310101 100
31.374599 100
31.440384 100
31.483267 100
31.536167 100
31.603283 100
31.722233 100
31.788883 100
31.834717 100
31.887300 100
31.960867 100
32.071049 100
32.115551 100
32.177235 100
32.241684 100
32.310368 100
32.419102 100
32.485035 100
32.559952 100
32.610401 100
32.670616 100
32.713367 100
32.749084 100
32.782600 100
32.818317 100
32.842548 100
32.885765 100
32.935932 100
32.966148 100
33.001934 100
33.052399 100
33.102650 100
33.200451 100
33.292534 100
33.355415 100
33.419483 100
33.506317 100
33.568134 100
33.593315 100
33.622017 100
33.679333 100
33.735466 100
33.829884 100
33.893517 100
33.962082 100
34.014385 100
34.068367 100
34.182083 100
34.279499 100
34.346684 100
34.437099 100
34.489349 100
34.584599 100
34.632618 100
34.704418 100
34.797218 100
34.853283 100
34.894867 100
34.933666 100
34.972618 100
35.014832 100
35.072617 100
35.133232 100
35.235783 100
35.428932 100
35.487251 100
35.541050 100
35.616783 100
35.740200 100
35.802101 100
35.846802 100
35.901016 100
35.961182 100
36.068932 100
36.098732 100
36.136700 100
36.202999 100
36.284199 100
36.429668 100
36.491951 100
36.580200 100
36.691750 100
36.793499 100
36.880981 100
37.046715 100
37.121750 100
37.184067 100
37.281567 100
