2.203600 200
2.510933 200
2.730483 200
2.972583 200
3.197600 200
3.382383 200
3.612300 200
3.763817 200
3.915283 200
4.079800 200
4.258067 200
4.455650 200
4.660517 200
4.856616 200
5.030667 200
5.243533 200
5.365583 200
5.484567 200
5.640900 200
5.781633 200
5.984100 200
6.140950 200
6.351767 200
6.540017 200
6.735967 200
6.865800 200
6.972600 200
7.111650 200
7.239284 200
7.399817 200
7.573433 200
7.779767 200
7.961216 200
8.131866 200
8.326000 200
8.412950 200
8.497784 200
8.625167 200
8.739400 200
8.873067 200
9.059134 200
9.248283 200
9.419050 200
9.584817 200
9.771733 200
9.889317 200
9.981167 200
10.104650 200
10.210400 200
10.274034 200
10.459833 200
10.603267 200
10.813583 200
11.009950 200
11.161200 200
11.357166 200
11.487850 200
11.693483 200
15.725950 200
15.998134 200
16.187416 200
16.398518 200
16.579750 200
16.742399 200
16.940233 200
17.060316 200
17.177799 200
17.324667 200
17.427183 200
17.617483 200
17.758333 200
17.971466 200
18.201750 200
18.364300 200
18.539333 200
18.622749 200
18.720467 200
18.862900 200
18.934284 200
19.048233 200
19.215534 200
19.368984 200
19.548134 200
19.722233 200
19.898701 200
20.017683 200
20.094084 200
20.189117 200
20.316084 200
20.388367 200
20.513317 200
20.668333 200
20.850584 200
21.029867 200
21.189051 200
21.379400 200
21.462250 200
21.528316 200
21.606318 200
21.736767 200
21.828449 200
21.967850 200
22.140783 200
22.327150 200
22.491983 200
22.652866 200
22.847666 200
22.952299 200
23.038050 200
23.149918 200
23.262966 200
23.356199 200
23.547800 200
23.692633 200
23.891884 200
24.081333 200
24.258101 200
24.409100 200
24.536182 200
24.729866 200
26.629850 200
26.882483 200
27.051317 200
27.257633 200
27.437950 200
27.592266 200
27.780933 200
27.866600 200
27.940617 200
28.058634 200
28.185816 200
28.328983 200
28.497766 200
28.683067 200
28.859417 200
29.032900 200
29.238884 200
29.381317 200
29.531584 200
29.805950 200
