5.064633 200
12.043633 200
12.251100 200
12.439883 200
12.582017 200
12.765384 200
12.931500 200
13.038350 200
13.119383 200
13.208233 200
13.332933 200
13.434950 200
13.597616 200
13.716033 200
13.885433 200
14.070983 200
14.172183 200
14.309100 200
14.395750 200
14.472183 200
14.573334 200
14.651400 200
14.725083 200
14.875234 200
14.973550 200
15.123234 200
15.271900 200
15.358100 200
15.503600 200
15.596833 200
15.665100 200
15.756950 200
15.851250 200
15.928450 200
16.064867 200
16.157600 200
16.295017 200
16.412233 200
16.533951 200
16.640284 200
16.762751 200
16.840616 200
16.914734 200
17.011183 200
17.084267 200
17.142817 200
17.271017 200
17.358816 200
17.500351 200
17.636551 200
17.725433 200
17.838234 200
17.941534 200
18.014566 200
18.079517 200
18.174967 200
18.247717 200
18.306250 200
18.428633 200
18.511084 200
18.639717 200
18.758450 200
18.877832 200
18.964184 200
19.082266 200
19.154118 200
19.215799 200
19.289034 200
19.382900 200
19.450783 200
19.526184 200
19.641033 200
19.718533 200
19.852333 200
19.972134 200
20.063066 200
20.149450 200
20.266884 200
20.338383 200
20.398582 200
20.479116 200
20.564150 200
20.625700 200
20.714834 200
20.830517 200
20.903034 200
21.034349 200
21.159433 200
21.247833 200
21.369900 200
21.461233 200
21.524166 200
21.581766 200
21.675632 200
21.754168 200
21.809900 200
21.897833 200
22.003733 200
22.089733 200
22.220734 200
22.350933 200
22.433567 200
22.564600 200
22.645782 200
22.709066 200
22.772301 200
22.860332 200
22.930683 200
22.978067 200
23.084316 200
23.167049 200
23.252384 200
23.382334 200
23.510416 200
23.591049 200
23.698883 200
23.787849 200
23.853783 200
23.912783 200
24.000917 200
24.078884 200
24.137350 200
24.237350 200
24.331667 200
24.420567 200
24.551134 200
24.680267 200
24.759083 200
24.879551 200
24.962482 200
25.023617 200
25.086384 200
25.170918 200
25.246933 200
25.303684 200
25.401684 200
25.492800 200
25.590134 200
25.714916 200
25.849283 200
25.924900 200
26.048450 200
26.128151 200
26.191534 200
26.248533 200
26.337049 200
26.414116 200
26.470766 200
26.570833 200
26.664351 200
26.749968 200
26.865868 200
27.002150 200
27.077950 200
27.190584 200
27.279066 200
27.338850 200
27.399799 200
27.482149 200
27.563999 200
27.623667 200
27.771418 200
27.907101 200
28.091551 200
28.271000 200
28.404266 200
28.595917 200
28.725082 200
28.908684 200
29.256083 200
