1.269183 200
1.437833 200
1.652733 200
1.838750 200
1.997183 200
2.184133 200
2.271417 200
2.400050 200
2.664067 200
9.280517 200
9.460150 200
9.588450 200
9.789900 200
9.964534 200
10.100100 200
10.232300 200
10.342433 200
10.402900 200
10.447450 200
10.614250 200
11.321550 200
11.385300 200
11.428284 200
11.512083 200
11.624583 200
11.680333 200
11.789500 200
11.876717 200
11.895950 200
11.911183 200
12.032066 200
12.092300 200
12.111016 200
12.120133 200
12.139150 200
12.152150 200
12.207717 200
12.293217 200
12.318483 200
12.341200 200
12.349466 200
12.370116 200
12.388800 200
12.407084 200
12.416700 200
12.433367 200
12.461667 200
12.543317 200
12.567117 200
12.631950 200
12.654117 200
12.671383 200
12.697217 200
12.712767 200
12.733450 200
12.754383 200
12.861450 200
12.876917 200
12.885917 200
12.907017 200
12.914133 200
12.932734 200
12.953517 200
13.007566 200
13.102933 200
13.126734 200
13.148650 200
13.155267 200
13.159833 200
13.164217 200
13.170533 200
13.240383 200
13.265817 200
13.307034 200
13.328600 200
13.339167 200
13.347266 200
13.363667 200
13.367650 200
13.372350 200
13.383350 200
13.394267 200
13.399966 200
13.410850 200
13.431750 200
13.476400 200
13.508833 200
13.519200 200
13.525117 200
13.533584 200
13.554100 200
13.561566 200
13.577600 200
13.583933 200
13.588817 200
13.596483 200
13.607950 200
13.627234 200
13.659317 200
13.680150 200
13.694083 200
13.712500 200
13.726784 200
13.783716 200
13.807433 200
13.817567 200
13.861633 200
13.873384 200
13.890717 200
13.901700 200
13.919434 200
13.941067 200
13.964017 200
13.986116 200
14.092050 200
14.102533 200
14.106850 200
14.112333 200
14.120050 200
14.133150 200
14.136867 200
14.143750 200
14.161366 200
14.172816 200
14.196816 200
14.238816 200
14.279000 200
14.328083 200
14.333150 200
14.353683 200
14.359734 200
14.379717 200
14.384517 200
14.389167 200
14.397750 200
14.436666 200
14.449166 200
14.457933 200
14.464084 200
14.469584 200
14.475583 200
14.491616 200
14.519417 200
14.525416 200
14.531683 200
14.536517 200
14.541384 200
14.553917 200
14.568283 200
14.573067 200
14.579800 200
14.594666 200
14.600150 200
14.607083 200
14.617983 200
14.662184 200
14.709333 200
14.717816 200
14.723383 200
14.727750 200
14.731466 200
14.737567 200
14.757950 200
14.766050 200
14.770617 200
14.780766 200
14.794333 200
14.803184 200
14.823100 200
14.861267 200
14.892150 200
14.907400 200
14.929833 200
14.946716 200
14.966066 200
15.000134 200
15.042084 200
15.086416 200
15.105267 200
15.123917 200
15.148916 200
15.178367 200
15.226950 200
15.235534 200
15.290983 200
15.299000 200
15.308017 200
15.316234 200
15.337750 200
15.342083 200
15.349900 200
15.366000 200
15.372400 200
15.389900 200
15.413950 200
15.455033 200
15.505400 200
15.525250 200
15.553416 200
15.573317 200
15.592216 200
15.609616 200
15.653300 200
15.668000 200
15.678367 200
15.695333 200
15.712183 200
15.719983 200
15.746450 200
15.767567 200
15.789617 200
15.818883 200
15.889517 200
15.914700 200
15.924517 200
15.954600 200
15.967834 200
15.989950 200
16.003483 200
16.028883 200
16.044233 200
16.075399 200
16.105101 200
16.127832 200
16.136534 200
16.148867 200
16.169100 200
16.197149 200
16.218550 200
16.241066 200
16.265934 200
16.278851 200
16.292984 200
16.305250 200
16.318451 200
16.354099 200
16.391550 200
16.461700 200
16.490717 200
16.496067 200
16.501484 200
16.513817 200
16.538483 200
16.559401 200
16.571867 200
16.595200 200
16.619383 200
16.634916 200
16.671566 200
16.687967 200
16.720516 200
16.737066 200
16.759216 200
16.779516 200
16.791134 200
16.795416 200
16.803400 200
16.834900 200
16.844482 200
16.853216 200
16.861017 200
16.866600 200
16.872316 200
16.878067 200
16.882950 200
16.904100 200
16.916466 200
16.935400 200
16.963867 200
16.978451 200
16.995266 200
17.012533 200
17.021584 200
17.029516 200
17.037666 200
17.056366 200
17.082850 200
17.095882 200
17.110050 200
17.120350 200
17.144167 200
17.173483 200
17.196434 200
17.219116 200
17.233601 200
17.277483 200
17.296133 200
17.324350 200
17.336216 200
17.350683 200
17.373917 200
17.396717 200
17.406666 200
17.415016 200
17.426617 200
17.443832 200
17.458317 200
17.472483 200
17.494083 200
17.516150 200
17.547716 200
17.573784 200
17.579550 200
17.589117 200
17.598183 200
17.605883 200
17.610733 200
17.615667 200
17.620701 200
17.623600 200
17.627266 200
17.633301 200
17.638983 200
17.656967 200
17.663116 200
17.675734 200
17.693684 200
17.718634 200
17.737183 200
17.756884 200
17.776300 200
17.803684 200
17.816883 200
17.823383 200
17.831533 200
17.838783 200
17.842649 200
17.875416 200
17.896717 200
17.942949 200
17.973200 200
17.988800 200
17.992916 200
18.004316 200
18.032734 200
18.048500 200
18.058016 200
18.063801 200
18.069883 200
18.073099 200
18.075451 200
18.080433 200
18.089966 200
18.107367 200
18.129917 200
18.148567 200
18.178368 200
18.201250 200
18.218216 200
18.234034 200
18.255083 200
18.278049 200
18.290884 200
18.302834 200
18.317183 200
18.344633 200
18.374666 200
18.389933 200
18.411316 200
18.424034 200
18.438749 200
18.464916 200
18.496849 200
18.533283 200
18.553934 200
18.570017 200
18.595417 200
18.605249 200
18.614933 200
18.623632 200
18.634451 200
18.654333 200
18.675600 200
18.688150 200
18.698999 200
18.715282 200
18.744116 200
18.774282 200
18.796484 200
18.802267 200
18.808867 200
18.812799 200
18.816099 200
18.818783 200
18.821966 200
18.825768 200
18.830616 200
18.860884 200
18.870449 200
18.882299 200
18.891750 200
18.925833 200
18.946266 200
18.966049 200
18.991501 200
19.015484 200
19.020750 200
19.034201 200
19.038567 200
19.060417 200
19.076233 200
19.104317 200
19.152067 200
19.172800 200
19.184067 200
19.188484 200
19.201349 200
19.221016 200
19.230917 200
19.240116 200
19.260183 200
19.264334 200
19.270283 200
19.280001 200
19.299717 200
19.308666 200
19.315916 200
19.323233 200
19.349533 200
19.370684 200
19.385700 200
19.403116 200
19.416767 200
19.432016 200
19.446417 200
19.466900 200
19.471001 200
19.480850 200
19.497366 200
19.532934 200
19.551050 200
19.573450 200
19.587334 200
19.612183 200
19.626633 200
19.663317 200
19.688433 200
19.719084 200
19.741734 200
19.747366 200
19.757017 200
19.765034 200
19.770916 200
19.776951 200
19.782934 200
19.790600 200
19.819067 200
19.848984 200
19.860983 200
19.872517 200
19.880350 200
19.888716 200
19.912001 200
19.933050 200
19.950083 200
19.959816 200
19.969700 200
19.976566 200
19.981066 200
19.987766 200
19.991617 200
19.994284 200
19.997700 200
20.001934 200
20.004566 200
20.007284 200
20.010651 200
20.014233 200
20.019350 200
20.040434 200
20.051550 200
20.057434 200
20.069500 200
20.076967 200
20.100500 200
20.123150 200
20.146433 200
20.169266 200
20.189217 200
20.200516 200
20.212166 200
20.221350 200
20.232599 200
20.250250 200
20.260517 200
20.278517 200
20.300867 200
20.331667 200
20.354851 200
20.369217 200
20.385151 200
20.405251 200
20.419500 200
20.430666 200
20.438999 200
20.444216 200
20.450117 200
20.455734 200
20.462366 200
20.496483 200
20.515368 200
20.539566 200
20.556566 200
20.577000 200
20.593767 200
20.601650 200
20.617117 200
20.627649 200
20.641567 200
20.651600 200
20.655783 200
20.666750 200
20.677366 200
20.695601 200
20.734751 200
20.762316 200
20.775467 200
20.801483 200
20.811399 200
20.845350 200
20.871450 200
20.891300 200
20.918650 200
20.927750 200
20.939800 200
20.954901 200
20.965183 200
20.977034 200
20.988466 200
21.001484 200
21.020967 200
21.042633 200
21.057400 200
21.072933 200
21.086718 200
21.112917 200
21.129717 200
21.149401 200
21.166050 200
21.176849 200
21.188566 200
21.195351 200
21.201200 200
21.212967 200
21.236717 200
21.247066 200
21.268250 200
21.309633 200
21.330017 200
21.347918 200
21.361633 200
21.372400 200
21.392567 200
21.405983 200
21.411699 200
21.415417 200
21.426634 200
21.441633 200
21.449816 200
21.464666 200
21.494133 200
21.512234 200
21.543600 200
21.557100 200
21.564766 200
21.579666 200
21.585484 200
21.589716 200
21.596333 200
21.606150 200
21.615383 200
21.638384 200
21.643583 200
21.647467 200
21.653917 200
21.659567 200
21.693701 200
21.698799 200
21.704117 200
21.716316 200
21.727217 200
21.751333 200
21.772417 200
21.787617 200
21.798033 200
21.804399 200
21.814766 200
21.822184 200
21.829033 200
21.846266 200
21.851500 200
21.855366 200
21.859667 200
21.863066 200
21.867867 200
21.877399 200
21.891350 200
21.927000 200
21.959517 200
21.979517 200
22.007683 200
22.041784 200
22.064617 200
22.076950 200
22.089300 200
22.105749 200
22.127001 200
22.138533 200
22.150299 200
22.160116 200
22.171333 200
22.179333 200
22.195633 200
22.208933 200
22.227200 200
22.243717 200
22.258734 200
22.271334 200
22.279234 200
22.292418 200
22.304583 200
22.325167 200
22.344851 200
22.367533 200
22.374016 200
22.378532 200
22.383301 200
22.386133 200
22.388283 200
22.390984 200
22.394083 200
22.397566 200
22.401117 200
22.405483 200
22.413866 200
22.431734 200
22.438766 200
22.449316 200
22.490267 200
22.512466 200
22.532200 200
22.549984 200
22.566317 200
22.580833 200
22.591551 200
22.599966 200
22.605684 200
22.611433 200
22.614834 200
22.621817 200
22.640150 200
22.650801 200
22.663401 200
22.702749 200
22.731550 200
22.745550 200
22.761351 200
22.767584 200
22.773417 200
22.785067 200
22.791866 200
22.796400 200
22.804184 200
22.815350 200
22.828699 200
22.843184 200
22.847334 200
22.860134 200
22.897118 200
22.910801 200
22.921484 200
22.936800 200
22.953350 200
22.963949 200
22.977133 200
22.983500 200
22.992033 200
22.999451 200
23.014416 200
23.021900 200
23.028450 200
23.036118 200
23.040483 200
23.046150 200
23.051050 200
23.065800 200
23.075768 200
23.095900 200
23.126266 200
23.148134 200
23.164534 200
23.173717 200
23.194834 200
23.200951 200
23.207750 200
23.213516 200
23.216650 200
23.225817 200
23.248533 200
23.259132 200
23.263367 200
23.270433 200
23.283600 200
23.290951 200
23.301117 200
23.307568 200
23.315500 200
23.319366 200
23.326183 200
23.336782 200
23.340733 200
23.345301 200
23.351418 200
23.357767 200
23.363100 200
23.370884 200
23.380383 200
23.387733 200
23.392683 200
23.398783 200
23.404617 200
23.411133 200
23.416866 200
23.427401 200
23.441317 200
23.450933 200
23.458349 200
23.464767 200
23.468884 200
23.473783 200
23.478201 200
23.482651 200
23.487850 200
23.491383 200
23.498249 200
23.513901 200
23.528467 200
23.543566 200
23.551367 200
23.557434 200
23.571133 200
23.576599 200
23.580767 200
23.583267 200
23.587584 200
23.590750 200
23.593500 200
23.595667 200
23.597633 200
23.600283 200
23.603033 200
23.606066 200
23.608133 200
23.621834 200
23.635283 200
23.646334 200
23.655951 200
23.675051 200
23.688168 200
23.697666 200
23.714500 200
23.728167 200
23.738951 200
23.752050 200
23.759184 200
23.770617 200
23.781349 200
23.791100 200
23.797083 200
23.802467 200
23.807632 200
23.813566 200
23.816668 200
23.820066 200
23.828266 200
23.841034 200
23.848484 200
23.859566 200
23.870132 200
23.880751 200
23.909834 200
23.918751 200
23.939234 200
23.949100 200
23.960567 200
23.965401 200
23.969566 200
23.972651 200
23.985100 200
23.994400 200
24.004734 200
24.011316 200
24.016684 200
24.020050 200
24.034367 200
24.043184 200
24.047100 200
24.049549 200
24.055166 200
24.062267 200
24.069166 200
24.081400 200
24.092966 200
24.100201 200
24.112284 200
24.127750 200
24.159134 200
24.183434 200
24.204033 200
24.220800 200
24.226734 200
24.233299 200
24.238733 200
24.242033 200
24.247999 200
24.264400 200
24.272150 200
24.280266 200
24.288950 200
24.307833 200
24.335417 200
24.368601 200
24.396734 200
24.415318 200
24.452433 200
24.477333 200
24.497351 200
24.516768 200
24.528099 200
24.537649 200
24.546017 200
24.554449 200
24.572433 200
24.581633 200
24.592333 200
24.602650 200
24.611284 200
24.632000 200
24.644066 200
24.656918 200
24.670183 200
24.683050 200
24.693533 200
24.704567 200
24.720100 200
24.741234 200
24.757183 200
24.771784 200
24.778482 200
24.782133 200
24.786417 200
24.789682 200
24.792383 200
24.795416 200
24.797400 200
24.799917 200
24.802750 200
24.805384 200
24.808250 200
24.810633 200
24.814133 200
24.817783 200
24.823267 200
24.834116 200
24.843983 200
24.850233 200
24.855783 200
24.860950 200
24.866167 200
24.883450 200
24.908751 200
24.935101 200
24.956116 200
24.977333 200
24.992384 200
25.000116 200
25.004999 200
25.009800 200
25.019850 200
25.025217 200
25.028950 200
25.033516 200
25.038017 200
25.042200 200
25.046034 200
25.061167 200
25.070601 200
25.084583 200
25.108650 200
25.138901 200
25.161234 200
25.176933 200
25.180416 200
25.183599 200
25.192249 200
25.202917 200
25.210417 200
25.215401 200
25.221550 200
25.235783 200
25.249783 200
25.256268 200
25.260584 200
25.265234 200
25.269833 200
25.274084 200
25.298283 200
25.315367 200
25.325834 200
25.349533 200
25.370501 200
25.392950 200
25.405033 200
25.412733 200
25.423916 200
25.428301 200
25.431900 200
25.443100 200
25.453617 200
25.460600 200
25.468834 200
25.474983 200
25.477966 200
25.481501 200
25.486601 200
25.504499 200
25.514450 200
25.525734 200
25.540066 200
25.549084 200
25.565350 200
25.592033 200
25.616899 200
25.635967 200
25.651966 200
25.668167 200
25.678034 200
25.684950 200
25.695366 200
25.703583 200
25.710699 200
25.720200 200
25.729984 200
25.738016 200
25.743816 200
25.751400 200
25.758051 200
25.761583 200
25.765182 200
25.769117 200
25.774166 200
25.780266 200
25.786850 200
25.794083 200
25.798300 200
25.804550 200
25.810684 200
25.817183 200
25.824934 200
25.833433 200
25.842951 200
25.850483 200
25.860149 200
25.866434 200
25.874100 200
25.882700 200
25.890467 200
25.897182 200
25.906767 200
25.915417 200
25.921066 200
25.927683 200
25.937468 200
25.949350 200
25.959551 200
25.966967 200
25.972750 200
25.977350 200
25.983717 200
25.987617 200
25.990767 200
25.993917 200
25.997168 200
26.000584 200
26.003283 200
26.006067 200
26.008783 200
26.011217 200
26.013166 200
26.016100 200
26.018417 200
26.021450 200
26.026867 200
26.031633 200
26.040318 200
26.045067 200
26.050516 200
26.057066 200
26.064251 200
26.075233 200
26.094933 200
26.105583 200
26.114651 200
26.125866 200
26.135700 200
26.142317 200
26.148199 200
26.159050 200
26.164717 200
26.169233 200
26.178617 200
26.182766 200
26.191334 200
26.198700 200
26.206934 200
26.211149 200
26.215267 200
26.219984 200
26.222517 200
26.226151 200
26.228416 200
26.231516 200
26.236584 200
26.241316 200
26.245100 200
26.247999 200
26.251966 200
26.255301 200
26.260117 200
26.264050 200
26.267799 200
26.271566 200
26.273451 200
26.280266 200
26.282967 200
26.289366 200
26.293400 200
26.316284 200
26.330984 200
26.353483 200
26.369368 200
26.381466 200
26.385567 200
26.390434 200
26.396351 200
26.406633 200
26.412500 200
26.426716 200
26.456051 200
26.460550 200
26.462984 200
26.467150 200
26.471550 200
26.475401 200
26.479450 200
26.499983 200
26.514067 200
26.528616 200
26.542250 200
26.566668 200
26.578583 200
26.596716 200
26.610283 200
26.624933 200
26.630966 200
26.635000 200
26.640083 200
26.645283 200
26.649401 200
26.652849 200
26.656467 200
26.671366 200
26.677851 200
26.682199 200
26.687050 200
26.690901 200
26.697083 200
26.722601 200
26.734699 200
26.747084 200
26.763317 200
26.780634 200
26.794500 200
26.800117 200
26.815950 200
26.827499 200
26.843683 200
26.864000 200
26.876499 200
26.892117 200
26.901184 200
26.909967 200
26.918249 200
26.924049 200
26.935101 200
26.942101 200
26.948133 200
26.956667 200
26.962166 200
26.971367 200
26.978117 200
26.983984 200
26.989267 200
26.995567 200
27.010201 200
27.022499 200
27.043934 200
27.055883 200
27.068333 200
27.078716 200
27.090700 200
27.103367 200
27.111683 200
27.120684 200
27.135366 200
27.144766 200
27.160284 200
27.170500 200
27.183884 200
27.186832 200
27.190683 200
27.193750 200
27.196684 200
27.202017 200
27.205700 200
27.208700 200
27.211750 200
27.214283 200
27.216934 200
27.219601 200
27.221933 200
27.224783 200
27.227467 200
27.231199 200
27.236450 200
27.253084 200
27.260717 200
27.268700 200
27.281584 200
27.297167 200
27.308201 200
27.315434 200
27.319750 200
27.331882 200
27.348450 200
27.357533 200
27.370466 200
27.374701 200
27.385450 200
27.393234 200
27.401699 200
27.409050 200
27.415216 200
27.424616 200
27.429934 200
27.433283 200
27.436167 200
27.442266 200
27.446301 200
27.449266 200
27.452066 200
27.455799 200
27.462482 200
27.479284 200
27.489216 200
27.495649 200
27.532534 200
27.545784 200
27.563017 200
27.577734 200
27.586983 200
27.590900 200
27.596567 200
27.600967 200
27.605566 200
27.610767 200
27.617001 200
27.625183 200
27.650116 200
27.664667 200
27.668583 200
27.672649 200
27.675966 200
27.679783 200
27.683033 200
27.704683 200
27.719700 200
27.734934 200
27.741617 200
27.760916 200
27.773233 200
27.782949 200
27.792900 200
27.809984 200
27.817200 200
27.823250 200
27.835051 200
27.839634 200
27.842934 200
27.847567 200
27.852383 200
27.855684 200
27.858484 200
27.861416 200
27.866583 200
27.877317 200
27.883249 200
27.890751 200
27.895967 200
27.904600 200
27.922333 200
27.931433 200
27.941334 200
27.959984 200
27.977600 200
27.991684 200
28.004484 200
28.022833 200
28.031601 200
28.046618 200
28.075184 200
28.096083 200
28.112534 200
28.124250 200
28.139950 200
28.146933 200
28.153017 200
28.158867 200
28.169134 200
28.179516 200
28.187033 200
28.193768 200
28.200966 200
28.210550 200
28.219017 200
28.231167 200
28.237984 200
28.249933 200
28.258066 200
28.262417 200
28.272833 200
28.278883 200
28.288233 200
28.293266 200
28.299616 200
28.307249 200
28.313616 200
28.320433 200
28.328684 200
28.353649 200
28.371483 200
28.377317 200
28.379950 200
28.385401 200
28.393816 200
28.397833 200
28.402700 200
28.404917 200
28.408617 200
28.411434 200
28.413450 200
28.415583 200
28.418066 200
28.420650 200
28.423367 200
28.426283 200
28.429083 200
28.431801 200
28.434633 200
28.441383 200
28.456600 200
28.462851 200
28.468817 200
28.476000 200
28.506651 200
28.525299 200
28.536734 200
28.556566 200
28.573851 200
28.583017 200
28.591017 200
28.596750 200
28.604183 200
28.611666 200
28.616184 200
28.621000 200
28.629633 200
28.636784 200
28.640284 200
28.643766 200
28.647818 200
28.652300 200
28.655399 200
28.658167 200
28.662283 200
28.666950 200
28.676483 200
28.678417 200
28.682467 200
28.690317 200
28.695667 200
28.702682 200
28.709850 200
28.729450 200
28.766716 200
28.781750 200
28.788116 200
28.795834 200
28.802084 200
28.806400 200
28.815416 200
28.820316 200
28.823833 200
28.826599 200
28.831766 200
28.851734 200
28.874317 200
28.880234 200
28.882683 200
28.885700 200
28.889584 200
28.893717 200
28.897133 200
28.901733 200
28.924950 200
28.935432 200
28.948217 200
28.952801 200
28.964884 200
28.973101 200
28.986151 200
28.992916 200
29.001284 200
29.011900 200
29.021482 200
29.025867 200
29.031099 200
29.036917 200
29.043217 200
29.048334 200
29.052784 200
29.056084 200
29.059450 200
29.063316 200
29.067816 200
29.070267 200
29.072567 200
29.075716 200
29.085266 200
29.093149 200
29.096518 200
29.099234 200
29.106766 200
29.111183 200
29.115616 200
29.121317 200
29.151100 200
29.164600 200
29.172367 200
29.179768 200
29.190367 200
29.206751 200
29.212999 200
29.218634 200
29.227449 200
29.239233 200
29.246017 200
29.249834 200
29.254034 200
29.261066 200
29.270733 200
29.284483 200
29.293217 200
29.308283 200
29.316433 200
29.322067 200
29.328251 200
29.335649 200
29.346867 200
29.356817 200
29.361799 200
29.368917 200
29.376766 200
29.380234 200
29.382717 200
29.387016 200
29.390934 200
29.393850 200
29.396999 200
29.401051 200
29.403584 200
29.407900 200
29.412884 200
29.417616 200
29.428633 200
29.439783 200
29.446051 200
29.451950 200
29.468700 200
29.487534 200
29.492849 200
29.496599 200
29.500250 200
29.504950 200
29.518749 200
29.531549 200
29.539167 200
29.547617 200
29.555450 200
29.563967 200
29.570667 200
29.577700 200
29.582216 200
29.594816 200
29.599417 200
29.602617 200
29.606733 200
29.609383 200
29.611467 200
29.614100 200
29.617067 200
29.619217 200
29.621468 200
29.623716 200
29.625950 200
29.628166 200
29.630716 200
29.634701 200
29.637167 200
29.639267 200
29.641500 200
29.643833 200
29.645950 200
29.648582 200
29.650734 200
29.654467 200
29.658567 200
29.665083 200
29.672766 200
29.701267 200
29.720118 200
29.741867 200
29.753517 200
29.755550 200
29.758934 200
29.762083 200
29.765766 200
29.770599 200
29.780184 200
29.789267 200
29.796900 200
29.803017 200
29.811550 200
29.822567 200
29.826099 200
29.829500 200
29.834284 200
29.837866 200
29.849567 200
29.879883 200
29.888367 200
29.892250 200
29.895250 200
29.898134 200
29.901783 200
29.905884 200
29.914717 200
29.920967 200
29.925751 200
29.935150 200
29.938667 200
29.941950 200
29.944901 200
29.947750 200
29.951334 200
29.955734 200
29.978951 200
29.988449 200
29.993732 200
29.998217 200
30.002583 200
30.007467 200
30.011566 200
30.016634 200
30.022684 200
30.030199 200
30.067600 200
30.092817 200
30.097601 200
30.100666 200
30.106266 200
30.113449 200
30.116467 200
30.119600 200
30.125668 200
30.134800 200
30.141367 200
30.145416 200
30.148951 200
30.154266 200
30.159634 200
30.163084 200
30.167749 200
30.170851 200
30.174250 200
30.177267 200
30.181351 200
30.184517 200
30.188017 200
30.191284 200
30.194883 200
30.198217 200
30.201334 200
30.204584 200
30.210600 200
30.214684 200
30.220051 200
30.225018 200
30.228533 200
30.234249 200
30.240450 200
30.249317 200
30.260201 200
30.287083 200
30.296083 200
30.309732 200
30.352983 200
30.358749 200
30.364666 200
30.369467 200
30.372984 200
30.377150 200
30.381117 200
30.384117 200
30.386400 200
30.388584 200
30.391134 200
30.395451 200
30.398300 200
30.403067 200
30.412550 200
30.415167 200
30.417917 200
30.426966 200
30.454533 200
30.480618 200
30.491016 200
30.495367 200
30.499367 200
30.505133 200
30.526449 200
30.535851 200
30.555599 200
30.559099 200
30.570450 200
30.593349 200
30.603649 200
30.612850 200
30.639683 200
30.647734 200
30.651033 200
30.654600 200
30.658367 200
30.661833 200
30.665400 200
30.669067 200
30.673532 200
30.677784 200
30.682100 200
30.686449 200
30.691450 200
30.695667 200
30.700567 200
30.705549 200
30.710367 200
30.715117 200
30.719217 200
30.721884 200
30.725334 200
30.728167 200
30.731117 200
30.733999 200
30.737116 200
30.740150 200
30.743984 200
30.749166 200
30.762833 200
30.765867 200
30.768450 200
30.771799 200
30.774033 200
30.776501 200
30.781933 200
30.784550 200
30.787100 200
30.789499 200
30.791651 200
30.794201 200
30.796316 200
30.799200 200
30.802067 200
30.805201 200
30.808733 200
30.813534 200
30.863466 200
30.876734 200
30.896566 200
30.911699 200
30.935249 200
31.007067 200
31.303383 200
